[debug] [2018-08-06T03:27:52.027Z] ----------------------------------------------------------------------
[debug] [2018-08-06T03:27:52.031Z] Command:       C:\Program Files\nodejs\node.exe C:\Users\Willerson\AppData\Roaming\npm\node_modules\firebase-tools\bin\firebase serve
[debug] [2018-08-06T03:27:52.032Z] CLI Version:   4.0.0
[debug] [2018-08-06T03:27:52.032Z] Platform:      win32
[debug] [2018-08-06T03:27:52.032Z] Node Version:  v8.11.1
[debug] [2018-08-06T03:27:52.032Z] Time:          Mon Aug 06 2018 00:27:52 GMT-0300 (Hora oficial do Brasil)
[debug] [2018-08-06T03:27:52.032Z] ----------------------------------------------------------------------
[debug] 
[debug] [2018-08-06T03:27:52.051Z] > command requires scopes: ["email","openid","https://www.googleapis.com/auth/cloudplatformprojects.readonly","https://www.googleapis.com/auth/firebase","https://www.googleapis.com/auth/cloud-platform"]
[debug] [2018-08-06T03:27:52.052Z] > authorizing via signed-in user
[debug] [2018-08-06T03:27:52.056Z] >>> HTTP REQUEST GET https://admin.firebase.com/v1/projects/conectxbusiness  
  
 Mon Aug 06 2018 00:27:52 GMT-0300 (Hora oficial do Brasil)
[debug] [2018-08-06T03:27:53.018Z] <<< HTTP RESPONSE 200
[debug] [2018-08-06T03:27:53.019Z] >>> HTTP REQUEST GET https://admin.firebase.com/v1/database/conectxbusiness/tokens  
  
 Mon Aug 06 2018 00:27:53 GMT-0300 (Hora oficial do Brasil)
[debug] [2018-08-06T03:27:53.736Z] <<< HTTP RESPONSE 200
[debug] [2018-08-06T03:27:53.738Z] >>> HTTP REQUEST GET https://cloudresourcemanager.googleapis.com/v1/projects/conectxbusiness  
  
 Mon Aug 06 2018 00:27:53 GMT-0300 (Hora oficial do Brasil)
[debug] [2018-08-06T03:27:55.176Z] <<< HTTP RESPONSE 200
[info] 
[info] === Serving from 'C:\Users\Willerson\Documents\experience13'...
[info] 
[debug] [2018-08-06T03:27:55.182Z] >>> HTTP REQUEST GET https://mobilesdk-pa.googleapis.com/v1/projects/359397330244/clients/_:getWebAppConfig  
  
 Mon Aug 06 2018 00:27:55 GMT-0300 (Hora oficial do Brasil)
[debug] [2018-08-06T03:27:56.210Z] <<< HTTP RESPONSE 200
[info] i  hosting: Serving hosting files from: public
[info] +  hosting: Local server: http://localhost:5000

